<?xml version="1.0" encoding="UTF-8"?>
<!-- Generated by org.testng.reporters.JUnitXMLReporter -->
<testsuite hostname="DESKTOP-RAMS9K8" name="Test" tests="4" failures="0" timestamp="23 Mar 2020 09:32:03 GMT" time="80.737" errors="0">
  <testcase name="openBrowsernew" time="67.384" classname="com.HomeTest.etlhive.DemoAlerts"/>
  <testcase name="loginpage" time="72.591" classname="com.HomeTest.etlhive.TestHomePage"/>
  <testcase name="f2" time="75.482" classname="com.HomeTest.etlhive.RobotClass"/>
  <testcase name="openBrowser" time="80.678" classname="com.HomeTest.etlhive.TestRegisterPage"/>
</testsuite> <!-- Test -->
