<?xml version="1.0" encoding="UTF-8"?>
<!-- Generated by org.testng.reporters.JUnitXMLReporter -->
<testsuite hostname="DESKTOP-RAMS9K8" name="Test(failed)" tests="1" failures="1" timestamp="21 Mar 2020 06:07:51 GMT" time="22.583" errors="0">
  <testcase name="openBrowsernew" time="22.527" classname="com.HomeTest.etlhive.DemoAlerts">
    <failure type="java.lang.IllegalArgumentException" message="Key Down / Up events only make sense for modifier keys.">
      <![CDATA[java.lang.IllegalArgumentException: Key Down / Up events only make sense for modifier keys.
	at org.openqa.selenium.interactions.internal.SingleKeyAction.<init>(SingleKeyAction.java:47)
	at org.openqa.selenium.interactions.internal.SingleKeyAction.<init>(SingleKeyAction.java:35)
	at org.openqa.selenium.interactions.KeyDownAction.<init>(KeyDownAction.java:41)
	at org.openqa.selenium.interactions.Actions.keyDown(Actions.java:118)
	at com.HomeTest.etlhive.DemoAlerts.openBrowsernew(DemoAlerts.java:36)
... Removed 24 stack frames]]>
    </failure>
  </testcase> <!-- openBrowsernew -->
</testsuite> <!-- Test(failed) -->
