<?xml version="1.0" encoding="UTF-8"?>
<testng-results skipped="0" failed="0" total="1" passed="1">
  <reporter-output>
    <line>
      <![CDATA[Test Case execution started]]>
    </line>
    <line>
      <![CDATA[Report Test Case passed]]>
    </line>
  </reporter-output>
  <suite name="Default suite" duration-ms="28184" started-at="2020-03-29T05:13:33Z" finished-at="2020-03-29T05:14:01Z">
    <groups>
    </groups>
    <test name="Default test" duration-ms="28184" started-at="2020-03-29T05:13:33Z" finished-at="2020-03-29T05:14:01Z">
      <class name="com.HomeTest.etlhive.TestRegisterPage">
        <test-method status="PASS" signature="openBrowser()[pri:0, instance:com.HomeTest.etlhive.TestRegisterPage@91161c7]" name="openBrowser" duration-ms="28120" started-at="2020-03-29T10:43:33Z" finished-at="2020-03-29T10:44:01Z">
          <reporter-output>
            <line>
              <![CDATA[Report Test Case passed]]>
            </line>
          </reporter-output>
        </test-method> <!-- openBrowser -->
      </class> <!-- com.HomeTest.etlhive.TestRegisterPage -->
    </test> <!-- Default test -->
  </suite> <!-- Default suite -->
</testng-results>
